1509012712950	geckodriver	INFO	geckodriver 0.19.0
1509012712963	geckodriver	INFO	Listening on 127.0.0.1:63472
1509012715267	mozrunner::runner	INFO	Running command: "/Applications/Firefox.app/Contents/MacOS/firefox-bin" "-marionette" "-profile" "/var/folders/yj/4g164f1x2bx4j_wsx81vhxlr0000gn/T/rust_mozprofile.MTlFkEVRZKLb"
1509012718220	addons.xpi	WARN	Error parsing extensions state: [Exception... "Component returned failure code: 0x80520012 (NS_ERROR_FILE_NOT_FOUND) [amIAddonManagerStartup.readStartupData]"  nsresult: "0x80520012 (NS_ERROR_FILE_NOT_FOUND)"  location: "JS frame :: resource://gre/modules/addons/XPIProvider.jsm :: loadExtensionState :: line 1554"  data: no] Stack trace: loadExtensionState()@resource://gre/modules/addons/XPIProvider.jsm:1554 < getInstallState()@resource://gre/modules/addons/XPIProvider.jsm:1589 < checkForChanges()@resource://gre/modules/addons/XPIProvider.jsm:3109 < startup()@resource://gre/modules/addons/XPIProvider.jsm:2188 < callProvider()@resource://gre/modules/AddonManager.jsm:269 < _startProvider()@resource://gre/modules/AddonManager.jsm:739 < startup()@resource://gre/modules/AddonManager.jsm:906 < startup()@resource://gre/modules/AddonManager.jsm:3090 < observe()@jar:file:///Applications/Firefox.app/Contents/Resources/omni.ja!/components/addonManager.js:65
1509012719077	Marionette	INFO	Enabled via --marionette
2017-10-26 18:12:04.036 plugin-container[27538:73486111] *** CFMessagePort: bootstrap_register(): failed 1100 (0x44c) 'Permission denied', port = 0x9e3b, name = 'com.apple.tsm.portname'
See /usr/include/servers/bootstrap_defs.h for the error codes.
2017-10-26 18:12:04.037 plugin-container[27538:73486111] *** CFMessagePort: bootstrap_register(): failed 1100 (0x44c) 'Permission denied', port = 0xa103, name = 'com.apple.CFPasteboardClient'
See /usr/include/servers/bootstrap_defs.h for the error codes.
1509012734197	Marionette	INFO	Listening on port 63481
1509012734400	Marionette	WARN	TLS certificate errors will be ignored for this session
1509012734470	Marionette	DEBUG	Register listener.js for window 2147483649
1509012734930	Marionette	DEBUG	Received DOM event "beforeunload" for "about:blank"
1509012735783	Marionette	DEBUG	Received DOM event "pagehide" for "about:blank"
1509012735784	Marionette	DEBUG	Received DOM event "unload" for "about:blank"
1509012737838	Marionette	DEBUG	Received DOM event "DOMContentLoaded" for "https://www.baidu.com/"
1509012738229	Marionette	DEBUG	Received DOM event "pageshow" for "https://www.baidu.com/"
1509012740434	Marionette	DEBUG	Canceled page load listener because no navigation has been detected
1509012740443	Marionette	INFO	New connections will no longer be accepted
1509012981164	geckodriver	INFO	geckodriver 0.19.0
1509012981169	geckodriver	INFO	Listening on 127.0.0.1:63916
1509012981814	mozrunner::runner	INFO	Running command: "/Applications/Firefox.app/Contents/MacOS/firefox-bin" "-marionette" "-profile" "/var/folders/yj/4g164f1x2bx4j_wsx81vhxlr0000gn/T/rust_mozprofile.ZdgLsct0KRJF"
1509012982788	addons.xpi	WARN	Error parsing extensions state: [Exception... "Component returned failure code: 0x80520012 (NS_ERROR_FILE_NOT_FOUND) [amIAddonManagerStartup.readStartupData]"  nsresult: "0x80520012 (NS_ERROR_FILE_NOT_FOUND)"  location: "JS frame :: resource://gre/modules/addons/XPIProvider.jsm :: loadExtensionState :: line 1554"  data: no] Stack trace: loadExtensionState()@resource://gre/modules/addons/XPIProvider.jsm:1554 < getInstallState()@resource://gre/modules/addons/XPIProvider.jsm:1589 < checkForChanges()@resource://gre/modules/addons/XPIProvider.jsm:3109 < startup()@resource://gre/modules/addons/XPIProvider.jsm:2188 < callProvider()@resource://gre/modules/AddonManager.jsm:269 < _startProvider()@resource://gre/modules/AddonManager.jsm:739 < startup()@resource://gre/modules/AddonManager.jsm:906 < startup()@resource://gre/modules/AddonManager.jsm:3090 < observe()@jar:file:///Applications/Firefox.app/Contents/Resources/omni.ja!/components/addonManager.js:65
1509012983255	Marionette	INFO	Enabled via --marionette
2017-10-26 18:16:25.313 plugin-container[27639:73492610] *** CFMessagePort: bootstrap_register(): failed 1100 (0x44c) 'Permission denied', port = 0xa23b, name = 'com.apple.tsm.portname'
See /usr/include/servers/bootstrap_defs.h for the error codes.
2017-10-26 18:16:25.319 plugin-container[27639:73492610] *** CFMessagePort: bootstrap_register(): failed 1100 (0x44c) 'Permission denied', port = 0xa603, name = 'com.apple.CFPasteboardClient'
See /usr/include/servers/bootstrap_defs.h for the error codes.
1509012986538	Marionette	INFO	Listening on port 63923
1509012986673	Marionette	WARN	TLS certificate errors will be ignored for this session
1509012986737	Marionette	DEBUG	Register listener.js for window 2147483649
1509012986895	Marionette	DEBUG	Received DOM event "beforeunload" for "about:blank"
1509012987214	Marionette	DEBUG	Received DOM event "pagehide" for "about:blank"
1509012987215	Marionette	DEBUG	Received DOM event "unload" for "about:blank"
JavaScript error: https://ss1.bdstatic.com/5eN1bjq8AAUYm2zgoY3K/r/www/cache/static/protocol/https/plugins/every_cookie_mac_82990d4.js, line 4: ReferenceError: c is not defined
1509012987990	Marionette	DEBUG	Received DOM event "DOMContentLoaded" for "https://www.baidu.com/"
1509012989419	Marionette	DEBUG	Received DOM event "pageshow" for "https://www.baidu.com/"
1509013042266	geckodriver	INFO	geckodriver 0.19.0
1509013042283	geckodriver	INFO	Listening on 127.0.0.1:64053
1509013044103	mozrunner::runner	INFO	Running command: "/Applications/Firefox.app/Contents/MacOS/firefox-bin" "-marionette" "-profile" "/var/folders/yj/4g164f1x2bx4j_wsx81vhxlr0000gn/T/rust_mozprofile.4e0QmplRvYt9"
1509013045312	addons.xpi	WARN	Error parsing extensions state: [Exception... "Component returned failure code: 0x80520012 (NS_ERROR_FILE_NOT_FOUND) [amIAddonManagerStartup.readStartupData]"  nsresult: "0x80520012 (NS_ERROR_FILE_NOT_FOUND)"  location: "JS frame :: resource://gre/modules/addons/XPIProvider.jsm :: loadExtensionState :: line 1554"  data: no] Stack trace: loadExtensionState()@resource://gre/modules/addons/XPIProvider.jsm:1554 < getInstallState()@resource://gre/modules/addons/XPIProvider.jsm:1589 < checkForChanges()@resource://gre/modules/addons/XPIProvider.jsm:3109 < startup()@resource://gre/modules/addons/XPIProvider.jsm:2188 < callProvider()@resource://gre/modules/AddonManager.jsm:269 < _startProvider()@resource://gre/modules/AddonManager.jsm:739 < startup()@resource://gre/modules/AddonManager.jsm:906 < startup()@resource://gre/modules/AddonManager.jsm:3090 < observe()@jar:file:///Applications/Firefox.app/Contents/Resources/omni.ja!/components/addonManager.js:65
1509013045969	Marionette	INFO	Enabled via --marionette
2017-10-26 18:17:28.409 plugin-container[27672:73493941] *** CFMessagePort: bootstrap_register(): failed 1100 (0x44c) 'Permission denied', port = 0xa13f, name = 'com.apple.tsm.portname'
See /usr/include/servers/bootstrap_defs.h for the error codes.
2017-10-26 18:17:28.436 plugin-container[27672:73493941] *** CFMessagePort: bootstrap_register(): failed 1100 (0x44c) 'Permission denied', port = 0xa403, name = 'com.apple.CFPasteboardClient'
See /usr/include/servers/bootstrap_defs.h for the error codes.
1509013049790	Marionette	INFO	Listening on port 64064
1509013049894	Marionette	WARN	TLS certificate errors will be ignored for this session
1509013049961	Marionette	DEBUG	Register listener.js for window 2147483649
1509013049990	Marionette	DEBUG	Received DOM event "beforeunload" for "about:blank"
1509013050173	Marionette	DEBUG	Received DOM event "pagehide" for "about:blank"
1509013050174	Marionette	DEBUG	Received DOM event "unload" for "about:blank"
JavaScript error: https://ss1.bdstatic.com/5eN1bjq8AAUYm2zgoY3K/r/www/cache/static/protocol/https/plugins/every_cookie_mac_82990d4.js, line 4: ReferenceError: c is not defined
1509013050662	Marionette	DEBUG	Received DOM event "DOMContentLoaded" for "https://www.baidu.com/"
1509013050729	Marionette	DEBUG	Received DOM event "pageshow" for "https://www.baidu.com/"
1509013051273	Marionette	INFO	New connections will no longer be accepted
1509357039078	geckodriver	INFO	geckodriver 0.19.0
1509357039106	geckodriver	INFO	Listening on 127.0.0.1:60456
1509357041411	mozrunner::runner	INFO	Running command: "/Applications/Firefox.app/Contents/MacOS/firefox-bin" "-marionette" "-profile" "/var/folders/yj/4g164f1x2bx4j_wsx81vhxlr0000gn/T/rust_mozprofile.3iMSw8HK6Sqw"
1509357048968	addons.xpi	WARN	Error parsing extensions state: [Exception... "Component returned failure code: 0x80520012 (NS_ERROR_FILE_NOT_FOUND) [amIAddonManagerStartup.readStartupData]"  nsresult: "0x80520012 (NS_ERROR_FILE_NOT_FOUND)"  location: "JS frame :: resource://gre/modules/addons/XPIProvider.jsm :: loadExtensionState :: line 1554"  data: no] Stack trace: loadExtensionState()@resource://gre/modules/addons/XPIProvider.jsm:1554 < getInstallState()@resource://gre/modules/addons/XPIProvider.jsm:1589 < checkForChanges()@resource://gre/modules/addons/XPIProvider.jsm:3109 < startup()@resource://gre/modules/addons/XPIProvider.jsm:2188 < callProvider()@resource://gre/modules/AddonManager.jsm:269 < _startProvider()@resource://gre/modules/AddonManager.jsm:739 < startup()@resource://gre/modules/AddonManager.jsm:906 < startup()@resource://gre/modules/AddonManager.jsm:3090 < observe()@jar:file:///Applications/Firefox.app/Contents/Resources/omni.ja!/components/addonManager.js:65
1509357056094	Marionette	INFO	Enabled via --marionette
2017-10-30 17:51:05.381 plugin-container[36058:77213846] *** CFMessagePort: bootstrap_register(): failed 1100 (0x44c) 'Permission denied', port = 0xa033, name = 'com.apple.tsm.portname'
See /usr/include/servers/bootstrap_defs.h for the error codes.
2017-10-30 17:51:05.383 plugin-container[36058:77213846] *** CFMessagePort: bootstrap_register(): failed 1100 (0x44c) 'Permission denied', port = 0xa403, name = 'com.apple.CFPasteboardClient'
See /usr/include/servers/bootstrap_defs.h for the error codes.
1509357077394	Marionette	INFO	Listening on port 60465
*** UTM:SVC TimerManager:registerTimer called after profile-before-change notification. Ignoring timer registration for id: telemetry_modules_ping
1509357091292	geckodriver	INFO	geckodriver 0.19.0
1509357091297	geckodriver	INFO	Listening on 127.0.0.1:60508
1509357093014	mozrunner::runner	INFO	Running command: "/Applications/Firefox.app/Contents/MacOS/firefox-bin" "-marionette" "-profile" "/var/folders/yj/4g164f1x2bx4j_wsx81vhxlr0000gn/T/rust_mozprofile.APwE7FpWv5Zb"
1509357094583	addons.xpi	WARN	Error parsing extensions state: [Exception... "Component returned failure code: 0x80520012 (NS_ERROR_FILE_NOT_FOUND) [amIAddonManagerStartup.readStartupData]"  nsresult: "0x80520012 (NS_ERROR_FILE_NOT_FOUND)"  location: "JS frame :: resource://gre/modules/addons/XPIProvider.jsm :: loadExtensionState :: line 1554"  data: no] Stack trace: loadExtensionState()@resource://gre/modules/addons/XPIProvider.jsm:1554 < getInstallState()@resource://gre/modules/addons/XPIProvider.jsm:1589 < checkForChanges()@resource://gre/modules/addons/XPIProvider.jsm:3109 < startup()@resource://gre/modules/addons/XPIProvider.jsm:2188 < callProvider()@resource://gre/modules/AddonManager.jsm:269 < _startProvider()@resource://gre/modules/AddonManager.jsm:739 < startup()@resource://gre/modules/AddonManager.jsm:906 < startup()@resource://gre/modules/AddonManager.jsm:3090 < observe()@jar:file:///Applications/Firefox.app/Contents/Resources/omni.ja!/components/addonManager.js:65
1509357095053	Marionette	INFO	Enabled via --marionette
2017-10-30 17:51:36.399 plugin-container[36078:77214937] *** CFMessagePort: bootstrap_register(): failed 1100 (0x44c) 'Permission denied', port = 0xa03b, name = 'com.apple.tsm.portname'
See /usr/include/servers/bootstrap_defs.h for the error codes.
2017-10-30 17:51:36.400 plugin-container[36078:77214937] *** CFMessagePort: bootstrap_register(): failed 1100 (0x44c) 'Permission denied', port = 0xa303, name = 'com.apple.CFPasteboardClient'
See /usr/include/servers/bootstrap_defs.h for the error codes.
1509357097008	Marionette	INFO	Listening on port 60517
1509357097101	Marionette	WARN	TLS certificate errors will be ignored for this session
1509357097144	Marionette	DEBUG	Register listener.js for window 2147483649
1509357097197	Marionette	DEBUG	Received DOM event "beforeunload" for "about:blank"
1509357097673	Marionette	DEBUG	Received DOM event "pagehide" for "about:blank"
1509357097673	Marionette	DEBUG	Received DOM event "unload" for "about:blank"
1509357098342	Marionette	DEBUG	Received DOM event "DOMContentLoaded" for "https://www.baidu.com/"
1509357098475	Marionette	DEBUG	Received DOM event "pageshow" for "https://www.baidu.com/"
1509357116038	Marionette	INFO	New connections will no longer be accepted
1509445655381	geckodriver	INFO	geckodriver 0.19.0
1509445655399	geckodriver	INFO	Listening on 127.0.0.1:56005
1509445657401	mozrunner::runner	INFO	Running command: "/Applications/Firefox.app/Contents/MacOS/firefox-bin" "-marionette" "-profile" "/var/folders/yj/4g164f1x2bx4j_wsx81vhxlr0000gn/T/rust_mozprofile.tAe5Yl46LRhh"
1509445659588	addons.xpi	WARN	Error parsing extensions state: [Exception... "Component returned failure code: 0x80520012 (NS_ERROR_FILE_NOT_FOUND) [amIAddonManagerStartup.readStartupData]"  nsresult: "0x80520012 (NS_ERROR_FILE_NOT_FOUND)"  location: "JS frame :: resource://gre/modules/addons/XPIProvider.jsm :: loadExtensionState :: line 1554"  data: no] Stack trace: loadExtensionState()@resource://gre/modules/addons/XPIProvider.jsm:1554 < getInstallState()@resource://gre/modules/addons/XPIProvider.jsm:1589 < checkForChanges()@resource://gre/modules/addons/XPIProvider.jsm:3109 < startup()@resource://gre/modules/addons/XPIProvider.jsm:2188 < callProvider()@resource://gre/modules/AddonManager.jsm:269 < _startProvider()@resource://gre/modules/AddonManager.jsm:739 < startup()@resource://gre/modules/AddonManager.jsm:906 < startup()@resource://gre/modules/AddonManager.jsm:3090 < observe()@jar:file:///Applications/Firefox.app/Contents/Resources/omni.ja!/components/addonManager.js:65
1509445660599	Marionette	INFO	Enabled via --marionette
2017-10-31 18:27:44.432 plugin-container[64236:78256330] *** CFMessagePort: bootstrap_register(): failed 1100 (0x44c) 'Permission denied', port = 0xa03b, name = 'com.apple.tsm.portname'
See /usr/include/servers/bootstrap_defs.h for the error codes.
2017-10-31 18:27:44.453 plugin-container[64236:78256330] *** CFMessagePort: bootstrap_register(): failed 1100 (0x44c) 'Permission denied', port = 0xa303, name = 'com.apple.CFPasteboardClient'
See /usr/include/servers/bootstrap_defs.h for the error codes.
1509445673585	Marionette	INFO	Listening on port 56022
1509445674081	Marionette	WARN	TLS certificate errors will be ignored for this session
1509445674137	Marionette	DEBUG	Register listener.js for window 2147483649
1509445675242	Marionette	DEBUG	Received DOM event "beforeunload" for "about:blank"
1509445675690	Marionette	DEBUG	Received DOM event "beforeunload" for "about:blank"
1509445730642	geckodriver	INFO	geckodriver 0.19.0
1509445730646	geckodriver	INFO	Listening on 127.0.0.1:56638
1509445732382	mozrunner::runner	INFO	Running command: "/Applications/Firefox.app/Contents/MacOS/firefox-bin" "-marionette" "-profile" "/var/folders/yj/4g164f1x2bx4j_wsx81vhxlr0000gn/T/rust_mozprofile.9uoKUpWjH8xN"
1509445734072	addons.xpi	WARN	Error parsing extensions state: [Exception... "Component returned failure code: 0x80520012 (NS_ERROR_FILE_NOT_FOUND) [amIAddonManagerStartup.readStartupData]"  nsresult: "0x80520012 (NS_ERROR_FILE_NOT_FOUND)"  location: "JS frame :: resource://gre/modules/addons/XPIProvider.jsm :: loadExtensionState :: line 1554"  data: no] Stack trace: loadExtensionState()@resource://gre/modules/addons/XPIProvider.jsm:1554 < getInstallState()@resource://gre/modules/addons/XPIProvider.jsm:1589 < checkForChanges()@resource://gre/modules/addons/XPIProvider.jsm:3109 < startup()@resource://gre/modules/addons/XPIProvider.jsm:2188 < callProvider()@resource://gre/modules/AddonManager.jsm:269 < _startProvider()@resource://gre/modules/AddonManager.jsm:739 < startup()@resource://gre/modules/AddonManager.jsm:906 < startup()@resource://gre/modules/AddonManager.jsm:3090 < observe()@jar:file:///Applications/Firefox.app/Contents/Resources/omni.ja!/components/addonManager.js:65
1509445734589	Marionette	INFO	Enabled via --marionette
2017-10-31 18:28:56.855 plugin-container[64272:78258534] *** CFMessagePort: bootstrap_register(): failed 1100 (0x44c) 'Permission denied', port = 0xa23b, name = 'com.apple.tsm.portname'
See /usr/include/servers/bootstrap_defs.h for the error codes.
2017-10-31 18:28:56.856 plugin-container[64272:78258534] *** CFMessagePort: bootstrap_register(): failed 1100 (0x44c) 'Permission denied', port = 0xa503, name = 'com.apple.CFPasteboardClient'
See /usr/include/servers/bootstrap_defs.h for the error codes.
1509445738311	Marionette	INFO	Listening on port 56655
1509445738336	Marionette	WARN	TLS certificate errors will be ignored for this session
1509445738395	Marionette	DEBUG	Register listener.js for window 2147483649
1509445738429	Marionette	DEBUG	Received DOM event "beforeunload" for "about:blank"
1509445738444	Marionette	DEBUG	Received DOM event "pagehide" for "about:blank"
1509445738444	Marionette	DEBUG	Received DOM event "unload" for "about:blank"
1509445738445	Marionette	DEBUG	Received observer notification "outer-window-destroyed" for "2147483649"
1509445739076	Marionette	DEBUG	Register listener.js for window 4294967297
1509445739145	Marionette	DEBUG	Check readyState "uninitialized for "about:blank"
2017-10-31 18:28:59.295 plugin-container[64276:78258626] *** CFMessagePort: bootstrap_register(): failed 1100 (0x44c) 'Permission denied', port = 0xa23b, name = 'com.apple.tsm.portname'
See /usr/include/servers/bootstrap_defs.h for the error codes.
2017-10-31 18:28:59.296 plugin-container[64276:78258626] *** CFMessagePort: bootstrap_register(): failed 1100 (0x44c) 'Permission denied', port = 0xa503, name = 'com.apple.CFPasteboardClient'
See /usr/include/servers/bootstrap_defs.h for the error codes.
JavaScript error: http://netdna.bootstrapcdn.com/twitter-bootstrap/2.3.2/js/bootstrap.min.js, line 7: TypeError: a is not a function
1509445739866	Marionette	DEBUG	Received DOM event "DOMContentLoaded" for "file:////Users/mada/PycharmProjects/untitled/checkbox.html"
JavaScript error: jar:file:///Applications/Firefox.app/Contents/Resources/browser/omni.ja!/components/nsBrowserGlue.js, line 994: TypeError: win is null
2017-10-31 18:29:50.791 plugin-container[64293:78260230] *** CFMessagePort: bootstrap_register(): failed 1100 (0x44c) 'Permission denied', port = 0xa03f, name = 'com.apple.tsm.portname'
See /usr/include/servers/bootstrap_defs.h for the error codes.
2017-10-31 18:29:50.802 plugin-container[64293:78260230] *** CFMessagePort: bootstrap_register(): failed 1100 (0x44c) 'Permission denied', port = 0xa303, name = 'com.apple.CFPasteboardClient'
See /usr/include/servers/bootstrap_defs.h for the error codes.
1509445812345	geckodriver	INFO	geckodriver 0.19.0
1509445812350	geckodriver	INFO	Listening on 127.0.0.1:57013
1509445813507	mozrunner::runner	INFO	Running command: "/Applications/Firefox.app/Contents/MacOS/firefox-bin" "-marionette" "-profile" "/var/folders/yj/4g164f1x2bx4j_wsx81vhxlr0000gn/T/rust_mozprofile.WxDy7pgKM4bL"
1509445814798	addons.xpi	WARN	Error parsing extensions state: [Exception... "Component returned failure code: 0x80520012 (NS_ERROR_FILE_NOT_FOUND) [amIAddonManagerStartup.readStartupData]"  nsresult: "0x80520012 (NS_ERROR_FILE_NOT_FOUND)"  location: "JS frame :: resource://gre/modules/addons/XPIProvider.jsm :: loadExtensionState :: line 1554"  data: no] Stack trace: loadExtensionState()@resource://gre/modules/addons/XPIProvider.jsm:1554 < getInstallState()@resource://gre/modules/addons/XPIProvider.jsm:1589 < checkForChanges()@resource://gre/modules/addons/XPIProvider.jsm:3109 < startup()@resource://gre/modules/addons/XPIProvider.jsm:2188 < callProvider()@resource://gre/modules/AddonManager.jsm:269 < _startProvider()@resource://gre/modules/AddonManager.jsm:739 < startup()@resource://gre/modules/AddonManager.jsm:906 < startup()@resource://gre/modules/AddonManager.jsm:3090 < observe()@jar:file:///Applications/Firefox.app/Contents/Resources/omni.ja!/components/addonManager.js:65
1509445815408	Marionette	INFO	Enabled via --marionette
2017-10-31 18:30:17.351 plugin-container[64322:78261190] *** CFMessagePort: bootstrap_register(): failed 1100 (0x44c) 'Permission denied', port = 0x9d3b, name = 'com.apple.tsm.portname'
See /usr/include/servers/bootstrap_defs.h for the error codes.
2017-10-31 18:30:17.352 plugin-container[64322:78261190] *** CFMessagePort: bootstrap_register(): failed 1100 (0x44c) 'Permission denied', port = 0xa003, name = 'com.apple.CFPasteboardClient'
See /usr/include/servers/bootstrap_defs.h for the error codes.
1509445819348	Marionette	INFO	Listening on port 57026
1509445819421	Marionette	WARN	TLS certificate errors will be ignored for this session
1509445819468	Marionette	DEBUG	Register listener.js for window 2147483649
1509445819504	Marionette	DEBUG	Received DOM event "beforeunload" for "about:blank"
1509445819523	Marionette	DEBUG	Received DOM event "pagehide" for "about:blank"
1509445819523	Marionette	DEBUG	Received DOM event "unload" for "about:blank"
1509445819524	Marionette	DEBUG	Received observer notification "outer-window-destroyed" for "2147483649"
1509445820242	Marionette	DEBUG	Register listener.js for window 4294967297
1509445820315	Marionette	DEBUG	Check readyState "uninitialized for "about:blank"
2017-10-31 18:30:20.351 plugin-container[64326:78261279] *** CFMessagePort: bootstrap_register(): failed 1100 (0x44c) 'Permission denied', port = 0xa23f, name = 'com.apple.tsm.portname'
See /usr/include/servers/bootstrap_defs.h for the error codes.
2017-10-31 18:30:20.352 plugin-container[64326:78261279] *** CFMessagePort: bootstrap_register(): failed 1100 (0x44c) 'Permission denied', port = 0xa503, name = 'com.apple.CFPasteboardClient'
See /usr/include/servers/bootstrap_defs.h for the error codes.
JavaScript error: http://netdna.bootstrapcdn.com/twitter-bootstrap/2.3.2/js/bootstrap.min.js, line 7: TypeError: a is not a function
1509445820970	Marionette	DEBUG	Received DOM event "DOMContentLoaded" for "file:////Users/mada/PycharmProjects/untitled/checkbox.html"
1509445896299	Marionette	DEBUG	Received DOM event "pageshow" for "file:////Users/mada/PycharmProjects/untitled/checkbox.html"
1509445896643	Marionette	DEBUG	Canceled page load listener because no navigation has been detected
1509445896878	Marionette	DEBUG	Canceled page load listener because no navigation has been detected
1509445897108	Marionette	DEBUG	Canceled page load listener because no navigation has been detected
1509445897112	Marionette	INFO	New connections will no longer be accepted
1509693879058	geckodriver	INFO	geckodriver 0.19.0
1509693879063	geckodriver	INFO	Listening on 127.0.0.1:50638
1509693880285	mozrunner::runner	INFO	Running command: "/Applications/Firefox.app/Contents/MacOS/firefox-bin" "-marionette" "-profile" "/var/folders/yj/4g164f1x2bx4j_wsx81vhxlr0000gn/T/rust_mozprofile.GZD8A9QxN95B"
1509693882434	addons.xpi	WARN	Error parsing extensions state: [Exception... "Component returned failure code: 0x80520012 (NS_ERROR_FILE_NOT_FOUND) [amIAddonManagerStartup.readStartupData]"  nsresult: "0x80520012 (NS_ERROR_FILE_NOT_FOUND)"  location: "JS frame :: resource://gre/modules/addons/XPIProvider.jsm :: loadExtensionState :: line 1554"  data: no] Stack trace: loadExtensionState()@resource://gre/modules/addons/XPIProvider.jsm:1554 < getInstallState()@resource://gre/modules/addons/XPIProvider.jsm:1589 < checkForChanges()@resource://gre/modules/addons/XPIProvider.jsm:3109 < startup()@resource://gre/modules/addons/XPIProvider.jsm:2188 < callProvider()@resource://gre/modules/AddonManager.jsm:269 < _startProvider()@resource://gre/modules/AddonManager.jsm:739 < startup()@resource://gre/modules/AddonManager.jsm:906 < startup()@resource://gre/modules/AddonManager.jsm:3090 < observe()@jar:file:///Applications/Firefox.app/Contents/Resources/omni.ja!/components/addonManager.js:65
1509693883234	Marionette	INFO	Enabled via --marionette
2017-11-03 15:24:45.883 plugin-container[42647:80899542] *** CFMessagePort: bootstrap_register(): failed 1100 (0x44c) 'Permission denied', port = 0xa03b, name = 'com.apple.tsm.portname'
See /usr/include/servers/bootstrap_defs.h for the error codes.
2017-11-03 15:24:45.884 plugin-container[42647:80899542] *** CFMessagePort: bootstrap_register(): failed 1100 (0x44c) 'Permission denied', port = 0xa303, name = 'com.apple.CFPasteboardClient'
See /usr/include/servers/bootstrap_defs.h for the error codes.
1509693887167	Marionette	INFO	Listening on port 50647
1509693887211	Marionette	WARN	TLS certificate errors will be ignored for this session
1509693887261	Marionette	DEBUG	Register listener.js for window 2147483649
1509693887281	Marionette	DEBUG	Received DOM event "beforeunload" for "about:blank"
1509693907401	addons.productaddons	WARN	Failed downloading XML, status: 0, reason: timeout
1509693917307	Marionette	DEBUG	Received DOM event "beforeunload" for "about:blank"
1509693917309	Marionette	DEBUG	Received DOM event "pagehide" for "about:blank"
1509693917309	Marionette	DEBUG	Received DOM event "unload" for "about:blank"
1509693917434	Marionette	DEBUG	Received DOM event "DOMContentLoaded" for "about:neterror?e=dnsNotFound&u=http%3A//www.youdao.com/&c=UTF-8&f=regular&d=Firefox%20%E6%97%A0%E6%B3%95%E6%89%BE%E5%88%B0%20www.youdao.com%20%E7%9A%84%E6%9C%8D%E5%8A%A1%E5%99%A8%E3%80%82"
1509693937412	addons.productaddons	WARN	Failed downloading via XHR, status: 0, reason: error
1509693967419	addons.productaddons	WARN	Failed downloading via XHR, status: 0, reason: error
1509694142471	geckodriver	INFO	geckodriver 0.19.0
1509694142479	geckodriver	INFO	Listening on 127.0.0.1:50784
1509694143543	mozrunner::runner	INFO	Running command: "/Applications/Firefox.app/Contents/MacOS/firefox-bin" "-marionette" "-profile" "/var/folders/yj/4g164f1x2bx4j_wsx81vhxlr0000gn/T/rust_mozprofile.on4X7Dzprcbf"
1509694143789	addons.xpi	WARN	Error parsing extensions state: [Exception... "Component returned failure code: 0x80520012 (NS_ERROR_FILE_NOT_FOUND) [amIAddonManagerStartup.readStartupData]"  nsresult: "0x80520012 (NS_ERROR_FILE_NOT_FOUND)"  location: "JS frame :: resource://gre/modules/addons/XPIProvider.jsm :: loadExtensionState :: line 1554"  data: no] Stack trace: loadExtensionState()@resource://gre/modules/addons/XPIProvider.jsm:1554 < getInstallState()@resource://gre/modules/addons/XPIProvider.jsm:1589 < checkForChanges()@resource://gre/modules/addons/XPIProvider.jsm:3109 < startup()@resource://gre/modules/addons/XPIProvider.jsm:2188 < callProvider()@resource://gre/modules/AddonManager.jsm:269 < _startProvider()@resource://gre/modules/AddonManager.jsm:739 < startup()@resource://gre/modules/AddonManager.jsm:906 < startup()@resource://gre/modules/AddonManager.jsm:3090 < observe()@jar:file:///Applications/Firefox.app/Contents/Resources/omni.ja!/components/addonManager.js:65
1509694144216	Marionette	INFO	Enabled via --marionette
2017-11-03 15:29:05.605 plugin-container[42745:80903479] *** CFMessagePort: bootstrap_register(): failed 1100 (0x44c) 'Permission denied', port = 0xa23b, name = 'com.apple.tsm.portname'
See /usr/include/servers/bootstrap_defs.h for the error codes.
2017-11-03 15:29:05.606 plugin-container[42745:80903479] *** CFMessagePort: bootstrap_register(): failed 1100 (0x44c) 'Permission denied', port = 0xa503, name = 'com.apple.CFPasteboardClient'
See /usr/include/servers/bootstrap_defs.h for the error codes.
1509694146241	Marionette	INFO	Listening on port 50793
1509694146353	Marionette	WARN	TLS certificate errors will be ignored for this session
1509694146406	Marionette	DEBUG	Register listener.js for window 2147483649
1509694146437	Marionette	DEBUG	Received DOM event "beforeunload" for "about:blank"
1509694166445	addons.productaddons	WARN	Failed downloading XML, status: 0, reason: timeout
1509694176455	Marionette	DEBUG	Received DOM event "beforeunload" for "about:blank"
1509694176457	Marionette	DEBUG	Received DOM event "pagehide" for "about:blank"
1509694176457	Marionette	DEBUG	Received DOM event "unload" for "about:blank"
1509694176544	Marionette	DEBUG	Received DOM event "DOMContentLoaded" for "about:neterror?e=dnsNotFound&u=http%3A//www.youdao.com/&c=UTF-8&f=regular&d=Firefox%20%E6%97%A0%E6%B3%95%E6%89%BE%E5%88%B0%20www.youdao.com%20%E7%9A%84%E6%9C%8D%E5%8A%A1%E5%99%A8%E3%80%82"
1509694196455	addons.productaddons	WARN	Failed downloading via XHR, status: 0, reason: error
1509694217655	addons.productaddons	WARN	Failed downloading via XHR, status: 0, reason: error
2017-11-03 15:30:23.812 plugin-container[42783:80906137] *** CFMessagePort: bootstrap_register(): failed 1100 (0x44c) 'Permission denied', port = 0xa03b, name = 'com.apple.tsm.portname'
See /usr/include/servers/bootstrap_defs.h for the error codes.
2017-11-03 15:30:23.813 plugin-container[42783:80906137] *** CFMessagePort: bootstrap_register(): failed 1100 (0x44c) 'Permission denied', port = 0xa303, name = 'com.apple.CFPasteboardClient'
See /usr/include/servers/bootstrap_defs.h for the error codes.
1509694250630	geckodriver	INFO	geckodriver 0.19.0
1509694250653	geckodriver	INFO	Listening on 127.0.0.1:50911
1509694252118	mozrunner::runner	INFO	Running command: "/Applications/Firefox.app/Contents/MacOS/firefox-bin" "-marionette" "-profile" "/var/folders/yj/4g164f1x2bx4j_wsx81vhxlr0000gn/T/rust_mozprofile.qKnBUd72bGSz"
1509694253290	addons.xpi	WARN	Error parsing extensions state: [Exception... "Component returned failure code: 0x80520012 (NS_ERROR_FILE_NOT_FOUND) [amIAddonManagerStartup.readStartupData]"  nsresult: "0x80520012 (NS_ERROR_FILE_NOT_FOUND)"  location: "JS frame :: resource://gre/modules/addons/XPIProvider.jsm :: loadExtensionState :: line 1554"  data: no] Stack trace: loadExtensionState()@resource://gre/modules/addons/XPIProvider.jsm:1554 < getInstallState()@resource://gre/modules/addons/XPIProvider.jsm:1589 < checkForChanges()@resource://gre/modules/addons/XPIProvider.jsm:3109 < startup()@resource://gre/modules/addons/XPIProvider.jsm:2188 < callProvider()@resource://gre/modules/AddonManager.jsm:269 < _startProvider()@resource://gre/modules/AddonManager.jsm:739 < startup()@resource://gre/modules/AddonManager.jsm:906 < startup()@resource://gre/modules/AddonManager.jsm:3090 < observe()@jar:file:///Applications/Firefox.app/Contents/Resources/omni.ja!/components/addonManager.js:65
1509694254083	Marionette	INFO	Enabled via --marionette
2017-11-03 15:30:55.132 plugin-container[42808:80907619] *** CFMessagePort: bootstrap_register(): failed 1100 (0x44c) 'Permission denied', port = 0xa13b, name = 'com.apple.tsm.portname'
See /usr/include/servers/bootstrap_defs.h for the error codes.
2017-11-03 15:30:55.133 plugin-container[42808:80907619] *** CFMessagePort: bootstrap_register(): failed 1100 (0x44c) 'Permission denied', port = 0xa403, name = 'com.apple.CFPasteboardClient'
See /usr/include/servers/bootstrap_defs.h for the error codes.
1509694255968	Marionette	INFO	Listening on port 50922
1509694256041	Marionette	WARN	TLS certificate errors will be ignored for this session
1509694256089	Marionette	DEBUG	Register listener.js for window 2147483649
1509694256421	Marionette	DEBUG	Received DOM event "beforeunload" for "about:blank"
1509694256467	Marionette	DEBUG	Received DOM event "pagehide" for "about:blank"
1509694256467	Marionette	DEBUG	Received DOM event "unload" for "about:blank"
1509694260001	Marionette	DEBUG	Received DOM event "DOMContentLoaded" for "http://www.youdao.com/"
1509694263731	Marionette	DEBUG	Received DOM event "pageshow" for "http://www.youdao.com/"
1509694509715	geckodriver	INFO	geckodriver 0.19.0
1509694509721	geckodriver	INFO	Listening on 127.0.0.1:51146
1509694510774	mozrunner::runner	INFO	Running command: "/Applications/Firefox.app/Contents/MacOS/firefox-bin" "-marionette" "-profile" "/var/folders/yj/4g164f1x2bx4j_wsx81vhxlr0000gn/T/rust_mozprofile.HvtXkmribqY1"
1509694511036	addons.xpi	WARN	Error parsing extensions state: [Exception... "Component returned failure code: 0x80520012 (NS_ERROR_FILE_NOT_FOUND) [amIAddonManagerStartup.readStartupData]"  nsresult: "0x80520012 (NS_ERROR_FILE_NOT_FOUND)"  location: "JS frame :: resource://gre/modules/addons/XPIProvider.jsm :: loadExtensionState :: line 1554"  data: no] Stack trace: loadExtensionState()@resource://gre/modules/addons/XPIProvider.jsm:1554 < getInstallState()@resource://gre/modules/addons/XPIProvider.jsm:1589 < checkForChanges()@resource://gre/modules/addons/XPIProvider.jsm:3109 < startup()@resource://gre/modules/addons/XPIProvider.jsm:2188 < callProvider()@resource://gre/modules/AddonManager.jsm:269 < _startProvider()@resource://gre/modules/AddonManager.jsm:739 < startup()@resource://gre/modules/AddonManager.jsm:906 < startup()@resource://gre/modules/AddonManager.jsm:3090 < observe()@jar:file:///Applications/Firefox.app/Contents/Resources/omni.ja!/components/addonManager.js:65
1509694511407	Marionette	INFO	Enabled via --marionette
2017-11-03 15:35:12.571 plugin-container[42920:80913057] *** CFMessagePort: bootstrap_register(): failed 1100 (0x44c) 'Permission denied', port = 0xa03f, name = 'com.apple.tsm.portname'
See /usr/include/servers/bootstrap_defs.h for the error codes.
2017-11-03 15:35:12.572 plugin-container[42920:80913057] *** CFMessagePort: bootstrap_register(): failed 1100 (0x44c) 'Permission denied', port = 0xa303, name = 'com.apple.CFPasteboardClient'
See /usr/include/servers/bootstrap_defs.h for the error codes.
1509694513229	Marionette	INFO	Listening on port 51155
1509694513294	Marionette	WARN	TLS certificate errors will be ignored for this session
1509694513345	Marionette	DEBUG	Register listener.js for window 2147483649
1509694513375	Marionette	DEBUG	Received DOM event "beforeunload" for "about:blank"
1509694513437	Marionette	DEBUG	Received DOM event "pagehide" for "about:blank"
1509694513437	Marionette	DEBUG	Received DOM event "unload" for "about:blank"
1509694516009	Marionette	DEBUG	Received DOM event "DOMContentLoaded" for "http://www.youdao.com/"
1509694518070	Marionette	DEBUG	Received DOM event "pageshow" for "http://www.youdao.com/"
1509694518099	Marionette	INFO	New connections will no longer be accepted
1509702520003	geckodriver	INFO	geckodriver 0.19.0
1509702520008	geckodriver	INFO	Listening on 127.0.0.1:55458
1509702522107	mozrunner::runner	INFO	Running command: "/Applications/Firefox.app/Contents/MacOS/firefox-bin" "-marionette" "-profile" "/var/folders/yj/4g164f1x2bx4j_wsx81vhxlr0000gn/T/rust_mozprofile.RWLpkdV8qP1w"
1509702524547	addons.xpi	WARN	Error parsing extensions state: [Exception... "Component returned failure code: 0x80520012 (NS_ERROR_FILE_NOT_FOUND) [amIAddonManagerStartup.readStartupData]"  nsresult: "0x80520012 (NS_ERROR_FILE_NOT_FOUND)"  location: "JS frame :: resource://gre/modules/addons/XPIProvider.jsm :: loadExtensionState :: line 1554"  data: no] Stack trace: loadExtensionState()@resource://gre/modules/addons/XPIProvider.jsm:1554 < getInstallState()@resource://gre/modules/addons/XPIProvider.jsm:1589 < checkForChanges()@resource://gre/modules/addons/XPIProvider.jsm:3109 < startup()@resource://gre/modules/addons/XPIProvider.jsm:2188 < callProvider()@resource://gre/modules/AddonManager.jsm:269 < _startProvider()@resource://gre/modules/AddonManager.jsm:739 < startup()@resource://gre/modules/AddonManager.jsm:906 < startup()@resource://gre/modules/AddonManager.jsm:3090 < observe()@jar:file:///Applications/Firefox.app/Contents/Resources/omni.ja!/components/addonManager.js:65
1509702525344	Marionette	INFO	Enabled via --marionette
2017-11-03 17:48:47.620 plugin-container[45512:81068222] *** CFMessagePort: bootstrap_register(): failed 1100 (0x44c) 'Permission denied', port = 0xa13b, name = 'com.apple.tsm.portname'
See /usr/include/servers/bootstrap_defs.h for the error codes.
2017-11-03 17:48:47.621 plugin-container[45512:81068222] *** CFMessagePort: bootstrap_register(): failed 1100 (0x44c) 'Permission denied', port = 0xa403, name = 'com.apple.CFPasteboardClient'
See /usr/include/servers/bootstrap_defs.h for the error codes.
1509702528609	Marionette	INFO	Listening on port 55467
1509702528705	Marionette	WARN	TLS certificate errors will be ignored for this session
1509702528762	Marionette	DEBUG	Register listener.js for window 2147483649
1509702528812	Marionette	DEBUG	Received DOM event "beforeunload" for "about:blank"
1509702528858	Marionette	DEBUG	Received DOM event "pagehide" for "about:blank"
1509702528858	Marionette	DEBUG	Received DOM event "unload" for "about:blank"
1509702531412	Marionette	DEBUG	Received DOM event "DOMContentLoaded" for "http://www.youdao.com/"
1509702533406	Marionette	DEBUG	Received DOM event "pageshow" for "http://www.youdao.com/"
*************************
A coding exception was thrown and uncaught in a Task.

Full message: TypeError: class constructors must be invoked with |new|
Full stack: GeckoDriver.prototype.deleteCookie@chrome://marionette/content/driver.js:2620:9
execute/req<@chrome://marionette/content/server.js:539:22
TaskImpl_run@resource://gre/modules/Task.jsm:331:42
TaskImpl@resource://gre/modules/Task.jsm:280:3
asyncFunction@resource://gre/modules/Task.jsm:252:14
Task_spawn@resource://gre/modules/Task.jsm:166:12
execute@chrome://marionette/content/server.js:529:15
onPacket@chrome://marionette/content/server.js:500:7
_onJSONObjectReady/<@chrome://marionette/content/transport.js:501:9

*************************
Marionette threw an error: TypeError: class constructors must be invoked with |new|
GeckoDriver.prototype.deleteCookie@chrome://marionette/content/driver.js:2620:9
execute/req<@chrome://marionette/content/server.js:539:22
TaskImpl_run@resource://gre/modules/Task.jsm:331:42
TaskImpl@resource://gre/modules/Task.jsm:280:3
asyncFunction@resource://gre/modules/Task.jsm:252:14
Task_spawn@resource://gre/modules/Task.jsm:166:12
execute@chrome://marionette/content/server.js:529:15
onPacket@chrome://marionette/content/server.js:500:7
_onJSONObjectReady/<@chrome://marionette/content/transport.js:501:9

*** UTM:SVC TimerManager:registerTimer called after profile-before-change notification. Ignoring timer registration for id: telemetry_modules_ping
2017-11-06 13:22:01.812 plugin-container[21732:83006843] *** CFMessagePort: bootstrap_register(): failed 1100 (0x44c) 'Permission denied', port = 0xa03b, name = 'com.apple.tsm.portname'
See /usr/include/servers/bootstrap_defs.h for the error codes.
2017-11-06 13:22:01.826 plugin-container[21732:83006843] *** CFMessagePort: bootstrap_register(): failed 1100 (0x44c) 'Permission denied', port = 0xa303, name = 'com.apple.CFPasteboardClient'
See /usr/include/servers/bootstrap_defs.h for the error codes.
2017-11-06 13:43:06.282 plugin-container[22147:83028350] *** CFMessagePort: bootstrap_register(): failed 1100 (0x44c) 'Permission denied', port = 0xa23b, name = 'com.apple.tsm.portname'
See /usr/include/servers/bootstrap_defs.h for the error codes.
2017-11-06 13:43:06.320 plugin-container[22147:83028350] *** CFMessagePort: bootstrap_register(): failed 1100 (0x44c) 'Permission denied', port = 0xa507, name = 'com.apple.CFPasteboardClient'
See /usr/include/servers/bootstrap_defs.h for the error codes.
